[2021-12-06 11:08:35.444972]
[Episode 0]
[2021-12-06 11:08:37.790944]
0
1
1
0
0
0
1
1
0
0
0
0
0
0
1
[Episode 1]
1
1
0
0
1
1
0
0
1
1
0
0
0
0
1
1
1
1
1
1
1
1
0
1
[Episode 2]
0
0
1
1
0
1
1
1
0
0
0
1
1
1
1
0
0
0
1
0
1
0
1
0
0
0
0
0
0
1
1
1
1
1
0
1
1
0
1
0
1
0
1
0
1
1
0
1
0
1
0
1
0
1
0
1
1
0
1
0
1
0
1
0
1
1
0
1
0
1
0
1
0
1
1
0
1
0
1
0
1
0
1
1
0
1
0
1
0
1
1
0
1
0
1
0
1
0
1
1
0
1
0
1
0
1
1
0
1
0
1
0
1
1
0
1
0
1
0
1
0
1
1
0
1
0
1
0
1
0
1
1
0
0
0
0
0
[Episode 3]
1
0
0
0
1
1
0
1
0
1
0
1
0
1
0
1
0
1
0
1
0
1
0
1
0
1
0
1
0
1
0
0
0
[Episode 4]
0
1
1
0
0
1
1
0
0
1
1
0
1
0
0
1
1
0
1
0
1
0
1
0
1
0
1
0
1
0
1
0
1
0
0
1
1
1
1
[Episode 5]
1
1
1
1
1
1
1
1
1
[Episode 6]
0
1
0
1
0
1
0
1
0
1
0
1
0
1
0
1
0
0
0
0
0
[Episode 7]
1
1
1
1
1
1
1
0
0
[Episode 8]
1
1
1
1
1
1
1
0
1
[Episode 9]
1
1
1
1
1
1
1
0
1
[Episode 10]
1
0
1
0
1
0
1
0
1
0
1
0
1
1
1
1
1
1
1
1
0
0
[Episode 11]
0
1
1
1
1
1
1
1
1
1
1
0
[Episode 12]
1
1
1
1
1
1
1
0
1
[Episode 13]
0
1
1
1
1
1
1
1
1
1
1
[Episode 14]
1
1
1
1
1
1
1
1
1
1
[Episode 15]
1
1
1
1
1
1
1
1
0
1
[Episode 16]
0
1
0
1
0
0
1
1
0
1
0
1
0
1
0
1
0
1
0
1
0
1
0
1
0
1
0
1
1
1
1
1
0
1
1
1
1
1
1
1
1
1
1
1
0
[Episode 17]
1
1
1
1
1
1
1
0
0
[Episode 18]
0
1
0
1
1
1
1
1
1
1
1
1
1
1
0
[Episode 19]
1
1
1
1
1
1
1
1
1
0
[Episode 20]
1
1
1
1
1
1
1
1
0
[Episode 21]
0
1
1
1
1
1
1
1
1
1
1
1
[Episode 22]
0
0
0
0
1
1
1
1
1
1
1
1
1
1
1
1
1
1
1
1
[Episode 23]
1
1
1
1
1
1
1
1
[Episode 24]
0
1
1
1
1
1
1
1
1
1
1
1
1
[Episode 25]
1
1
1
1
1
1
1
1
1
1
[Episode 26]
1
1
1
1
1
1
1
1
0
1
[Episode 27]
1
1
1
1
1
1
1
1
1
0
[Episode 28]
1
1
1
1
1
1
1
1
1
1
[Episode 29]
1
1
1
1
1
1
1
0
1
[Episode 30]
1
1
1
1
1
1
1
0
1
[Episode 31]
1
1
1
1
1
1
1
0
[Episode 32]
1
1
1
0
1
1
1
1
1
1
1
1
[Episode 33]
1
1
1
1
1
1
1
1
0
1
[Episode 34]
0
0
0
1
1
1
0
1
0
1
1
1
1
1
1
1
1
1
1
0
[Episode 35]
1
1
1
1
1
1
1
0
0
[Episode 36]
1
1
1
1
1
1
1
1
0
[Episode 37]
0
1
1
1
1
1
1
1
1
1
1
1
1
[Episode 38]
1
1
1
1
1
1
1
0
[Episode 39]
1
1
1
1
1
1
1
1
0
[Episode 40]
0
1
1
1
1
1
1
1
1
1
1
1
[Episode 41]
1
1
0
0
1
1
1
1
1
1
1
1
1
[Episode 42]
0
1
1
0
0
1
0
1
0
1
0
1
0
1
0
1
0
1
0
1
0
1
1
1
1
1
1
0
0
0
0
0
1
1
1
1
0
1
0
1
1
0
1
0
1
1
0
1
0
1
1
0
1
0
1
1
0
1
0
1
1
0
1
0
1
1
0
1
0
1
1
[Episode 43]
1
1
1
1
1
1
1
1
[Episode 44]
1
1
1
1
1
1
1
1
0
[Episode 45]
0
1
0
1
0
1
0
1
0
1
0
1
0
1
0
1
1
0
1
0
1
0
1
0
0
0
0
0
[Episode 46]
0
1
0
1
0
1
0
1
0
1
0
1
0
1
0
1
0
1
0
0
0
0
[Episode 47]
1
1
1
1
1
0
0
0
1
0
[Episode 48]
0
1
0
1
0
1
0
1
0
1
0
1
0
1
0
1
0
1
0
1
0
1
0
1
1
1
0
1
1
0
1
0
1
0
1
1
0
1
0
1
1
0
1
0
1
1
0
1
0
1
1
0
1
0
1
1
0
1
0
1
1
0
1
0
1
1
0
1
0
1
1
0
1
0
1
1
[Episode 49]
0
1
0
0
1
1
0
1
0
1
0
1
0
1
0
1
0
1
0
1
0
1
0
1
0
1
0
1
0
1
0
1
1
1
0
1
1
0
1
0
1
1
0
1
0
1
1
0
1
0
1
0
1
1
0
1
0
1
1
0
1
0
1
1
0
1
0
1
1
0
1
1
0
1
0
1
1
[Episode 50]
0
1
0
1
0
1
0
1
0
1
0
1
0
1
0
1
0
1
0
0
1
0
1
0
1
0
1
0
1
0
1
0
1
0
1
0
0
1
0
1
0
1
0
1
0
1
0
1
0
0
1
0
1
0
1
0
1
0
1
0
0
1
0
1
0
1
0
1
0
1
0
0
1
0
1
0
1
0
1
0
1
0
0
1
0
1
0
1
0
1
0
1
0
0
1
0
1
0
1
0
1
0
0
1
0
1
0
1
0
1
0
1
0
0
1
0
1
0
1
0
0
1
0
1
0
1
0
1
0
0
1
0
1
0
1
0
[Episode 51]
1
0
1
0
1
0
1
0
0
0
0
0
0
0
0
0
0
[Episode 52]
1
0
1
0
0
1
0
1
0
1
0
0
0
0
0
0
0
0
0
0
[Episode 53]
0
0
0
0
0
0
0
0
0
0
[Episode 54]
0
0
0
0
0
0
0
0
1
[Episode 55]
0
0
0
0
0
0
0
0
1
[Episode 56]
0
0
0
0
0
0
0
0
1
1
[Episode 57]
0
0
0
0
0
0
0
0
0
1
[Episode 58]
1
0
0
0
0
0
0
0
0
1
1
[Episode 59]
1
0
0
0
0
0
0
0
0
1
[Episode 60]
0
0
0
0
0
0
0
0
0
1
[Episode 61]
0
0
0
0
0
0
0
0
1
1
[Episode 62]
0
0
0
0
0
0
0
0
0
1
[Episode 63]
0
0
0
0
0
0
0
0
1
[Episode 64]
0
0
0
0
0
0
0
0
0
1
[Episode 65]
0
0
0
0
0
0
0
1
[Episode 66]
0
0
0
0
0
0
0
0
0
0
[Episode 67]
0
0
0
0
0
0
0
0
1
0
[Episode 68]
0
0
0
0
0
0
0
0
0
1
[Episode 69]
0
0
0
0
0
0
0
0
0
1
[Episode 70]
0
0
0
0
0
0
0
0
1
[Episode 71]
0
0
0
0
0
0
0
0
0
[Episode 72]
0
0
0
0
0
0
0
0
1
[Episode 73]
0
0
0
0
0
0
0
0
0
1
[Episode 74]
0
0
0
0
0
0
0
0
1
[Episode 75]
0
0
0
0
0
0
0
0
0
[Episode 76]
0
0
0
0
0
1
0
1
1
0
1
[Episode 77]
0
1
0
1
0
1
0
1
0
1
0
1
0
1
0
1
0
1
0
1
0
0
0
0
[Episode 78]
1
0
1
0
1
0
1
0
1
0
1
0
1
0
1
0
1
0
0
1
0
0
0
1
1
1
0
1
0
1
0
[Episode 79]
0
1
1
0
0
1
0
1
0
1
0
1
0
1
1
0
1
0
1
0
1
0
1
0
1
0
1
0
1
0
1
0
1
0
1
0
0
1
0
1
0
1
0
1
0
1
0
1
0
1
0
1
0
1
0
1
0
1
0
1
0
1
0
1
0
1
0
1
0
1
0
1
0
1
0
1
0
1
0
1
1
0
1
0
1
0
1
0
1
0
1
0
1
0
1
0
1
0
1
0
1
0
1
0
1
0
1
0
1
0
1
0
1
0
1
0
1
0
1
0
1
0
1
0
1
0
1
0
1
0
1
0
1
0
1
1
1
0
1
1
0
1
0
1
0
1
1
0
1
0
1
1
0
1
0
1
1
0
1
0
1
0
1
1
0
1
0
1
1
0
1
0
1
1
0
1
0
1
1
0
1
0
1
[Episode 80]
0
1
0
1
1
0
1
0
1
0
1
0
1
0
1
0
1
0
1
0
1
0
1
0
1
0
1
0
1
0
1
0
1
0
1
0
0
0
0
0
[Episode 81]
0
1
0
1
0
1
0
1
0
1
0
1
0
1
0
1
0
1
1
0
1
0
1
0
1
1
0
1
1
0
1
0
1
1
0
1
0
1
0
1
1
0
1
0
1
1
0
1
0
1
1
0
1
0
1
1
0
1
0
1
1
0
1
0
1
1
[Episode 82]
1
0
1
0
1
0
1
0
1
0
1
0
1
0
1
0
1
0
1
0
1
0
1
0
1
0
1
0
1
0
1
0
1
0
0
0
0
0
[Episode 83]
0
1
0
1
0
1
0
1
0
1
0
1
0
1
0
1
1
0
1
0
1
0
1
0
1
0
1
0
1
0
1
0
1
0
1
0
1
0
1
0
1
0
1
0
1
0
1
0
1
0
1
0
1
0
1
0
1
0
1
0
1
0
0
1
0
1
0
1
0
1
0
1
0
1
0
1
0
1
0
1
0
1
0
1
0
1
0
1
0
1
0
1
0
1
0
1
0
0
1
0
1
0
1
0
1
0
1
0
1
0
1
0
1
0
1
0
1
0
1
0
0
1
0
1
0
1
0
1
0
1
0
1
0
1
0
1
0
1
0
1
0
1
0
0
1
0
1
0
1
0
1
0
1
0
1
0
1
0
1
0
1
0
1
0
0
1
0
1
0
1
0
1
0
1
0
1
0
1
0
1
0
1
0
0
1
0
1
0
1
0
1
0
1
0
1
0
1
0
1
0
[Episode 84]
1
0
1
0
0
1
0
1
0
1
0
1
0
1
0
1
0
1
0
1
0
1
0
1
0
1
0
1
0
1
0
1
0
1
0
1
0
1
0
1
0
1
0
0
1
0
1
0
1
0
1
0
1
0
1
0
1
0
1
0
1
0
1
0
1
0
1
0
1
0
1
0
1
0
1
0
0
1
0
1
0
1
0
1
0
1
0
1
0
1
0
1
0
1
0
1
0
1
0
1
0
0
1
0
1
0
1
0
1
0
1
0
1
0
1
0
1
0
1
0
1
0
1
0
0
1
0
1
0
1
0
1
0
1
0
1
0
1
0
1
0
0
1
0
1
0
1
0
1
0
1
0
1
0
0
1
0
1
0
1
0
1
0
1
0
1
0
0
1
0
1
0
1
0
1
0
0
1
0
1
0
1
0
1
0
1
0
0
1
0
1
[Episode 85]
1
0
1
0
1
0
1
0
1
0
0
1
0
1
0
1
0
1
0
1
0
1
0
1
0
1
0
1
0
1
0
1
0
1
0
1
0
1
0
1
0
1
0
1
0
1
0
1
0
1
0
1
0
1
0
1
0
0
1
0
1
0
1
0
1
0
1
0
1
0
1
0
1
0
1
0
1
0
1
0
1
0
0
1
0
1
0
1
0
1
0
1
0
1
0
1
0
1
0
1
0
1
0
1
0
0
1
0
1
0
1
0
1
0
1
0
1
0
1
0
1
0
1
0
1
0
1
0
0
1
0
1
0
1
0
1
0
1
0
1
0
1
0
1
0
0
1
0
1
0
1
0
1
0
1
0
1
0
0
1
0
1
0
1
0
1
0
1
0
1
0
0
1
0
1
0
1
0
1
0
1
0
0
1
0
1
0
1
0
1
0
1
0
0
1
0
1
[Episode 86]
1
0
1
0
1
0
1
0
0
1
0
1
0
1
0
1
0
1
0
1
0
1
0
1
0
1
0
1
0
1
0
1
0
1
0
1
0
1
0
1
0
1
0
1
0
1
1
0
1
0
1
0
1
0
1
0
1
0
1
0
1
0
1
0
1
0
1
0
1
0
1
0
1
0
1
0
1
0
1
0
1
0
1
0
1
0
1
0
1
0
1
0
1
1
1
0
1
1
0
1
0
1
1
0
1
0
1
1
0
1
0
1
1
0
1
0
1
1
0
1
0
1
1
0
1
0
1
1
0
1
0
1
[Episode 87]
0
1
0
1
0
1
0
1
0
1
0
1
0
1
0
1
0
1
0
1
0
1
0
1
0
1
0
1
0
1
0
1
0
1
0
1
0
1
0
1
0
1
0
1
0
1
0
1
0
1
0
1
1
1
0
1
1
0
1
0
1
0
1
1
0
1
0
1
1
0
1
0
1
0
1
1
0
1
0
1
1
0
1
0
1
1
0
1
0
1
1
0
1
0
1
1
0
1
[Episode 88]
0
1
0
1
0
1
0
1
0
1
0
1
0
1
0
1
0
1
0
1
0
1
0
1
0
1
0
1
0
1
0
1
0
1
0
1
0
1
0
1
0
1
0
1
0
1
0
1
0
1
0
1
0
1
1
0
1
0
1
0
1
0
1
0
1
0
1
0
1
0
1
0
1
0
1
0
1
0
1
0
1
0
1
0
1
0
1
0
1
0
1
0
1
0
1
0
1
0
1
0
1
0
1
0
0
0
0
[Episode 89]
0
1
0
1
0
1
0
1
0
1
0
1
0
1
0
1
0
1
0
1
1
1
0
1
1
0
1
0
1
1
0
1
0
1
0
1
1
0
1
0
1
1
0
1
0
1
1
0
1
0
1
1
0
1
0
1
[Episode 90]
0
1
0
1
0
1
0
1
0
1
0
1
0
1
0
1
0
1
0
1
0
1
0
1
0
1
0
1
0
1
0
1
0
1
0
1
0
1
0
1
0
1
0
1
0
1
0
1
0
1
0
0
0
0
[Episode 91]
0
1
0
1
0
1
0
1
0
1
0
1
0
1
0
1
0
1
0
1
0
0
0
0
0
[Episode 92]
0
1
0
1
0
1
1
0
1
0
1
0
1
0
1
0
1
0
1
0
1
0
1
0
1
0
1
0
1
0
1
0
1
0
1
0
1
0
1
0
1
0
1
0
1
0
1
0
1
0
1
0
1
0
1
0
0
0
0
0
[Episode 93]
1
0
1
0
0
1
0
1
1
0
1
0
1
0
1
0
1
0
1
0
1
0
1
0
1
0
1
[Episode 94]
1
0
1
0
1
0
1
0
1
0
1
0
1
0
1
0
1
0
1
0
1
0
1
0
1
0
1
0
1
0
1
0
1
1
1
0
1
1
0
1
0
1
0
1
1
0
1
0
1
1
0
1
0
1
0
1
1
0
1
0
1
1
0
1
0
1
1
0
1
0
1
1
0
1
0
1
1
0
1
0
1
1
0
1
0
1
0
1
1
0
1
0
1
1
0
1
1
0
1
0
1
1
0
1
0
1
[Episode 95]
0
0
0
0
0
1
1
1
1
1
0
1
0
1
0
1
0
1
0
0
0
0
0
[Episode 96]
0
1
0
1
0
1
0
1
0
1
0
1
0
1
0
1
0
1
1
0
1
0
0
0
0
0
[Episode 97]
1
0
1
0
1
0
1
0
1
0
1
0
1
0
1
0
0
1
1
0
1
0
1
0
1
0
1
0
0
1
1
0
1
0
1
0
1
0
1
0
1
0
1
0
1
0
1
0
1
0
0
1
1
0
1
0
1
0
1
0
1
0
1
0
1
0
1
0
1
0
1
0
1
0
1
0
1
0
1
0
1
0
1
0
1
0
1
0
1
0
1
0
1
0
1
0
0
0
0
0
[Episode 98]
0
1
0
1
0
1
0
1
1
0
1
0
1
0
1
0
1
0
1
0
1
0
1
0
1
0
1
0
1
0
1
0
1
0
0
1
1
0
1
0
1
0
1
0
1
0
1
0
1
0
1
0
1
0
1
0
1
0
1
0
1
0
1
0
1
0
1
0
1
0
1
0
1
0
1
0
1
0
1
0
1
0
1
0
1
1
1
0
1
1
0
1
0
1
1
0
1
0
1
0
1
1
0
1
0
1
1
0
1
0
1
1
0
1
0
1
1
0
1
0
1
[Episode 99]
0
1
0
1
0
1
0
1
0
1
0
1
0
1
0
1
0
1
0
1
0
1
0
1
0
1
0
1
0
0
0
0
