[2021-12-06 11:08:35.442978]
learning_rate
1.0
[2021-12-06 11:08:37.791994]
0.999000499833375
0.9980019986673331
0.997004495503373
0.9960079893439915
0.9950124791926823
0.9940179640539353
0.9930244429332351
0.9920319148370607
0.9910403787728836
0.9900498337491681
0.9890602787753687
0.9880717128619305
0.9870841350202876
0.9860975442628619
0.9851119396030626
0.9841273200552851
0.9831436846349096
0.9821610323583008
0.981179362242806
0.9801986733067553
0.9792189645694596
0.97824023505121
0.9772624837732771
0.9762857097579093
0.9753099120283326
0.9743350896087494
0.9733612415243368
0.9723883668012469
0.9714164644666048
0.9704455335485082
0.9694755730760259
0.9685065820791976
0.967538559589032
0.9665715046375066
0.9656054162575665
0.9646402934831231
0.9636761353490535
0.9627129408911995
0.9617507091463667
0.9607894391523232
0.9598291299477989
0.9588697805724845
0.9579113900670306
0.9569539574730467
0.9559974818331
0.9550419621907147
0.9540873975903711
0.9531337870775047
0.9521811296985049
0.951229424500714
0.950278670532427
0.9493288668428895
0.9483800124822982
0.9474321065017983
0.9464851479534838
0.9455391358903963
0.9445940693665233
0.9436499474367985
0.9427067691570997
0.9417645335842487
0.9408232397760097
0.9398828867910889
0.9389434736891332
0.9380049995307295
0.9370674633774034
0.9361308642916188
0.9351952013367766
0.9342604735772135
0.933326680078202
0.9323938199059483
0.9314618921275921
0.9305308958112057
0.9296008300257927
0.9286716938412872
0.9277434863285529
0.9268162065593822
0.9258898536064953
0.9249644265435393
0.9240399244450868
0.9231163463866358
0.922193691444608
0.9212719586963487
0.9203511472201247
0.9194312560951247
0.9185122844014574
0.9175942312201509
0.9166770956331523
0.9157608767233256
0.914845573574452
0.9139311852712282
0.9130177108992658
0.9121051495450904
0.9111935002961405
0.910282762240767
0.9093729344682314
0.9084640160687062
0.9075560061332727
0.9066489037539209
0.9057427080235485
