[2021-12-06 10:53:31.080997]
[Episode 0]
[2021-12-06 10:53:33.156481]
0
1
1
0
0
0
1
1
0
0
0
0
0
0
0
0
[Episode 1]
1
1
0
0
1
1
0
0
0
0
1
1
0
1
1
1
1
1
1
1
0
0
0
0
1
1
1
[Episode 2]
1
1
1
1
0
0
0
1
1
1
0
0
0
[Episode 3]
1
1
1
1
1
1
0
0
1
0
[Episode 4]
1
0
1
0
1
0
1
0
0
0
1
1
1
0
1
0
1
0
1
0
1
0
1
0
1
0
1
0
1
0
1
0
1
0
1
0
1
0
1
0
1
0
0
1
1
1
1
1
1
1
1
1
1
[Episode 5]
1
0
1
1
1
1
1
1
1
1
1
[Episode 6]
1
0
1
0
1
0
1
0
1
0
1
0
0
1
0
1
0
1
0
1
0
1
0
1
0
1
0
1
0
1
0
1
0
1
1
1
1
0
0
0
1
[Episode 7]
1
1
1
1
1
1
1
1
[Episode 8]
1
1
1
1
1
1
1
1
1
[Episode 9]
1
1
1
1
1
1
1
1
1
[Episode 10]
0
0
0
0
0
0
0
0
1
[Episode 11]
1
1
1
1
1
1
1
1
1
[Episode 12]
0
0
0
0
0
0
0
0
1
[Episode 13]
1
0
1
0
0
0
0
0
0
0
0
1
[Episode 14]
1
1
1
1
1
1
1
0
0
[Episode 15]
0
0
0
0
0
0
0
1
[Episode 16]
0
1
1
1
1
1
1
1
1
0
0
[Episode 17]
1
1
1
1
1
1
1
0
[Episode 18]
1
1
1
1
1
1
1
1
0
[Episode 19]
1
0
0
0
0
0
0
0
0
0
[Episode 20]
0
1
1
1
1
1
1
1
1
0
1
[Episode 21]
1
0
1
0
1
1
1
1
1
1
1
1
0
[Episode 22]
0
0
0
0
0
0
0
0
0
[Episode 23]
0
0
0
0
0
0
0
0
0
0
[Episode 24]
0
0
0
0
0
0
0
0
[Episode 25]
1
1
1
1
1
1
1
0
1
[Episode 26]
0
0
0
0
0
0
0
0
[Episode 27]
0
0
0
0
0
0
0
0
0
1
[Episode 28]
1
1
1
1
1
0
0
0
1
0
1
[Episode 29]
0
0
0
1
0
0
0
0
0
0
0
1
[Episode 30]
0
0
0
0
0
0
0
0
1
[Episode 31]
0
0
0
0
0
0
0
0
1
[Episode 32]
0
1
1
0
0
1
0
0
0
0
0
0
0
0
0
0
[Episode 33]
0
0
1
0
0
0
0
0
0
0
0
[Episode 34]
1
0
0
0
0
0
0
0
0
1
[Episode 35]
1
0
0
0
0
1
1
0
0
0
0
0
0
0
0
0
[Episode 36]
1
0
0
0
0
0
0
0
0
0
0
0
1
[Episode 37]
0
0
0
0
0
0
0
1
0
[Episode 38]
0
0
0
0
0
0
0
1
0
[Episode 39]
0
0
0
0
0
0
0
1
0
[Episode 40]
0
0
0
1
0
0
0
0
0
0
1
[Episode 41]
0
0
0
0
0
0
0
0
1
[Episode 42]
0
1
0
1
1
0
1
0
1
0
1
0
1
0
1
0
1
0
1
0
1
0
0
0
0
1
1
1
1
1
1
[Episode 43]
0
0
0
0
0
0
0
0
0
[Episode 44]
1
0
0
0
0
0
0
0
0
0
0
1
[Episode 45]
0
0
0
0
1
0
0
0
0
0
1
0
[Episode 46]
0
1
0
1
0
1
0
1
0
1
0
1
0
0
0
0
0
0
0
0
0
[Episode 47]
0
1
0
1
0
0
1
0
0
0
0
0
0
0
0
0
[Episode 48]
1
0
0
1
0
1
0
1
0
1
0
0
0
0
0
0
0
0
0
[Episode 49]
0
0
0
0
0
0
0
0
0
[Episode 50]
1
0
0
0
0
1
0
0
0
0
0
0
0
0
[Episode 51]
0
1
0
1
0
0
0
0
0
0
0
0
0
[Episode 52]
0
0
0
0
0
0
0
0
1
[Episode 53]
1
0
0
0
0
0
0
0
0
1
1
[Episode 54]
1
0
1
0
1
0
0
1
0
0
0
0
0
0
0
0
0
1
[Episode 55]
0
0
0
0
0
0
0
0
1
1
[Episode 56]
0
0
0
0
0
0
0
0
1
[Episode 57]
0
0
0
0
0
0
0
0
1
[Episode 58]
0
0
0
0
0
0
0
0
1
0
[Episode 59]
0
0
0
0
0
0
0
0
1
0
[Episode 60]
0
0
0
0
0
0
0
1
0
[Episode 61]
0
0
0
0
0
0
0
0
1
0
[Episode 62]
0
0
0
0
0
0
0
0
0
1
[Episode 63]
1
0
0
0
0
0
0
0
0
0
1
[Episode 64]
0
0
0
0
0
0
0
1
0
[Episode 65]
0
0
0
0
0
0
0
0
0
1
[Episode 66]
1
0
0
0
0
0
0
0
0
1
0
[Episode 67]
0
0
0
0
0
0
0
0
0
1
[Episode 68]
0
0
0
0
0
0
0
1
0
[Episode 69]
0
0
0
0
1
1
1
1
1
0
1
0
1
0
1
0
1
0
0
0
0
0
[Episode 70]
1
0
0
1
0
1
1
0
1
0
1
0
0
0
1
1
1
0
1
0
1
0
1
0
1
0
1
0
0
0
1
1
1
0
1
0
1
0
1
0
1
0
1
0
1
0
1
0
1
0
1
0
1
0
1
0
1
0
1
0
1
0
1
0
1
0
1
0
1
0
1
0
1
0
1
0
1
0
1
0
0
0
0
[Episode 71]
0
1
0
1
0
1
0
1
0
1
0
1
0
1
0
1
0
1
0
1
0
0
0
0
[Episode 72]
0
0
0
0
1
1
1
1
0
1
0
1
0
1
0
1
0
1
0
1
0
1
0
1
0
0
0
0
[Episode 73]
0
1
0
1
0
1
0
1
0
1
0
1
0
1
0
1
0
1
0
1
0
1
0
1
0
1
1
0
1
0
1
0
1
0
0
0
0
0
[Episode 74]
0
1
0
1
0
1
0
1
0
1
0
1
0
1
0
1
0
1
0
1
0
1
0
1
0
0
0
0
[Episode 75]
1
0
1
0
1
0
1
0
1
0
1
0
1
0
1
0
1
0
1
0
1
0
1
0
1
0
1
0
1
0
1
0
1
0
1
0
1
0
1
0
0
0
0
[Episode 76]
0
1
0
1
0
1
0
1
0
1
0
1
0
1
0
1
0
1
0
0
0
0
[Episode 77]
1
0
0
0
1
1
1
0
1
0
1
0
1
0
1
0
1
0
1
0
1
0
1
0
1
0
1
0
1
0
1
0
1
0
1
0
1
0
1
0
1
0
1
0
1
0
1
0
1
0
1
0
1
0
1
0
1
0
1
0
1
0
1
0
1
0
0
0
0
[Episode 78]
0
1
0
1
0
1
0
1
0
1
0
1
0
1
0
0
0
0
0
[Episode 79]
0
0
0
0
1
1
1
1
0
1
0
1
0
1
0
1
0
1
0
0
0
0
[Episode 80]
0
0
0
0
0
1
1
1
1
1
0
1
0
1
1
0
1
0
1
0
1
0
0
0
0
0
[Episode 81]
0
0
0
1
1
1
1
0
1
0
1
0
1
0
1
0
1
0
1
0
1
0
1
0
1
0
1
0
1
0
1
0
1
0
1
0
1
0
1
0
1
0
1
0
1
0
1
0
1
0
1
0
1
0
1
0
1
0
1
0
1
0
1
0
1
0
1
0
1
0
1
0
1
0
1
0
1
0
0
0
0
[Episode 82]
0
1
0
1
0
1
0
1
0
1
0
1
0
1
0
1
0
1
0
1
0
1
0
0
0
0
[Episode 83]
1
0
1
0
1
0
1
0
1
0
1
0
1
0
1
0
1
0
1
0
1
0
1
0
1
0
1
0
1
0
1
0
1
0
1
0
1
0
1
0
1
0
1
0
1
0
0
0
0
0
[Episode 84]
0
0
0
0
1
1
1
1
0
1
0
1
0
1
1
0
1
0
1
0
1
0
1
0
1
0
1
0
0
0
0
[Episode 85]
1
0
0
0
1
1
1
0
1
0
1
0
0
0
0
1
1
1
1
0
1
0
1
0
1
0
1
0
1
0
1
0
1
0
1
0
1
0
1
0
1
0
1
0
1
0
1
0
1
0
1
0
1
0
1
0
1
0
1
0
1
0
1
0
1
0
1
0
1
0
0
0
0
[Episode 86]
0
0
0
0
0
1
1
1
1
1
0
1
0
1
0
1
0
1
0
0
0
0
[Episode 87]
0
0
0
0
1
1
1
1
0
1
0
1
0
1
0
1
0
1
0
1
0
1
0
0
0
0
0
[Episode 88]
0
0
0
0
1
1
1
1
0
1
0
1
0
1
0
1
0
1
0
0
0
0
0
[Episode 89]
1
0
1
0
1
0
1
0
1
0
1
0
0
0
1
1
1
0
1
0
1
0
1
0
1
0
1
0
1
0
1
0
1
0
1
0
1
0
1
0
0
1
1
0
1
0
1
0
1
0
1
0
1
0
1
0
1
0
1
0
1
0
1
0
1
0
1
0
1
0
1
0
1
0
1
0
1
0
1
0
1
0
1
0
1
0
1
0
1
0
1
0
1
0
0
0
0
0
[Episode 90]
1
0
1
0
1
0
0
0
1
1
1
0
1
0
1
0
0
0
1
1
1
0
1
0
1
0
1
0
1
0
0
0
1
1
1
0
1
0
1
0
1
0
1
0
1
0
1
0
1
0
1
0
1
0
0
1
1
0
1
0
1
0
1
0
1
0
1
0
1
0
1
0
1
0
1
0
1
0
1
0
1
0
1
0
1
0
1
0
1
0
1
0
1
0
1
0
1
0
1
0
1
0
1
0
1
0
1
0
1
0
1
0
1
0
0
0
0
0
[Episode 91]
1
0
0
0
1
1
1
0
1
0
1
0
0
0
1
1
1
0
1
0
1
0
1
0
0
1
1
0
1
0
0
0
1
1
1
0
1
0
1
0
1
0
1
0
1
0
1
0
1
0
1
0
1
0
0
1
1
0
1
0
1
0
1
0
1
0
1
0
1
0
1
0
1
0
1
0
1
0
1
0
1
0
1
0
1
0
1
0
1
0
1
0
1
0
1
0
1
0
1
0
1
0
1
0
1
0
1
0
1
0
1
0
1
0
1
0
1
0
1
0
1
0
0
0
0
0
[Episode 92]
0
0
0
0
0
1
1
1
1
1
1
0
1
0
1
0
1
0
1
0
1
0
1
0
1
0
0
0
0
0
[Episode 93]
0
1
0
1
0
1
0
1
0
1
0
1
0
1
0
1
0
0
0
0
0
[Episode 94]
1
0
1
0
1
0
0
0
1
1
1
0
1
0
1
0
1
0
1
0
1
0
0
0
1
1
1
0
1
0
1
0
1
0
1
0
1
0
1
0
1
0
1
0
1
0
1
0
1
0
1
0
1
0
1
0
1
0
1
0
1
0
1
0
1
0
1
0
1
0
1
0
1
0
0
0
0
[Episode 95]
0
1
0
1
0
1
0
1
0
1
0
1
0
1
0
1
0
1
0
1
0
1
0
0
0
0
0
[Episode 96]
0
1
0
1
0
1
0
1
1
0
1
0
1
0
1
0
1
1
0
1
0
1
0
1
0
1
0
1
1
0
1
0
1
0
1
0
1
0
1
1
0
1
0
1
0
1
0
1
1
0
1
0
1
0
1
0
1
1
0
1
0
1
0
1
0
1
0
1
1
0
1
0
1
0
1
1
0
1
0
1
0
1
0
1
1
0
1
0
1
0
1
1
0
1
0
1
0
1
1
0
1
0
1
0
1
0
0
0
0
0
[Episode 97]
1
0
1
0
1
0
0
1
1
0
1
0
0
0
1
1
1
0
1
0
1
0
1
0
1
0
1
0
1
0
1
0
1
0
1
0
1
0
1
0
1
0
1
0
1
0
1
0
1
0
1
0
1
0
1
1
0
1
0
1
0
1
0
1
0
1
0
1
0
1
0
1
0
1
0
1
0
1
0
1
1
0
1
0
1
0
1
0
1
0
1
0
1
0
1
0
1
0
1
0
1
0
1
1
0
1
0
1
0
1
0
1
0
1
0
1
0
1
0
1
1
0
1
0
1
0
1
0
1
0
1
0
1
0
1
0
1
1
0
1
0
1
0
1
0
1
0
1
0
1
1
0
1
0
1
0
1
0
1
0
1
1
0
1
0
1
0
1
0
1
0
1
1
0
1
0
1
0
1
0
1
1
0
1
0
1
0
1
0
1
[Episode 98]
0
0
0
1
1
1
0
1
1
0
1
0
1
0
1
0
1
0
1
0
1
0
1
0
1
0
1
0
1
0
1
0
1
0
1
0
1
0
1
0
1
1
0
1
0
1
0
1
0
1
0
1
0
1
0
1
0
1
0
1
0
1
0
1
1
0
1
0
1
0
1
0
1
0
1
0
1
0
1
0
1
0
1
1
0
1
0
1
0
1
0
1
0
1
0
1
0
1
0
1
0
1
1
0
1
0
1
0
1
0
1
0
1
0
1
0
1
0
1
1
0
1
0
1
0
1
0
1
0
1
0
1
0
1
1
0
1
0
1
0
1
0
1
0
1
1
0
1
0
1
0
1
0
1
0
1
0
1
1
0
1
0
1
0
1
0
1
0
1
1
0
1
0
1
0
1
[Episode 99]
0
0
0
1
1
1
1
0
1
0
1
0
1
0
1
0
1
0
1
0
1
0
1
0
1
0
1
1
0
1
0
1
0
1
0
1
0
1
0
1
0
1
0
1
0
1
0
1
0
1
1
0
1
0
1
0
1
0
1
0
1
0
1
0
1
0
1
1
0
1
0
1
0
1
0
1
0
1
0
1
0
1
1
0
1
0
1
0
1
0
1
0
1
0
1
1
0
1
0
1
0
1
0
1
0
1
0
1
1
0
1
0
1
0
1
0
1
0
1
1
0
1
0
1
0
1
0
1
1
0
1
0
1
0
1
0
1
1
0
1
0
1
0
1
0
1
1
0
1
0
1
0
1
0
1
1
0
1
